c:\users\michael\documents\school\kmint\final game\sdlframework\sdlframework\debug\vc140.pdb
c:\users\michael\documents\school\kmint\final game\sdlframework\sdlframework\debug\vc140.idb
c:\users\michael\documents\school\kmint\final game\sdlframework\sdlframework\debug\agentbase.obj
c:\users\michael\documents\school\kmint\final game\sdlframework\sdlframework\debug\behavior.obj
c:\users\michael\documents\school\kmint\final game\sdlframework\sdlframework\debug\edge.obj
c:\users\michael\documents\school\kmint\final game\sdlframework\sdlframework\debug\enemy.obj
c:\users\michael\documents\school\kmint\final game\sdlframework\sdlframework\debug\fwapplication.obj
c:\users\michael\documents\school\kmint\final game\sdlframework\sdlframework\debug\hero.obj
c:\users\michael\documents\school\kmint\final game\sdlframework\sdlframework\debug\main.obj
c:\users\michael\documents\school\kmint\final game\sdlframework\sdlframework\debug\vertex.obj
c:\users\michael\documents\school\kmint\final game\sdlframework\sdlframework\debug\game.obj
c:\users\michael\documents\school\kmint\final game\sdlframework\debug\sdlframework.ilk
c:\users\michael\documents\school\kmint\final game\sdlframework\debug\sdlframework.exe
c:\users\michael\documents\school\kmint\final game\sdlframework\debug\sdlframework.pdb
c:\users\michael\documents\school\kmint\final game\sdlframework\sdlframework\debug\sdlframework.tlog\cl.command.1.tlog
c:\users\michael\documents\school\kmint\final game\sdlframework\sdlframework\debug\sdlframework.tlog\cl.read.1.tlog
c:\users\michael\documents\school\kmint\final game\sdlframework\sdlframework\debug\sdlframework.tlog\cl.write.1.tlog
c:\users\michael\documents\school\kmint\final game\sdlframework\sdlframework\debug\sdlframework.tlog\link.command.1.tlog
c:\users\michael\documents\school\kmint\final game\sdlframework\sdlframework\debug\sdlframework.tlog\link.read.1.tlog
c:\users\michael\documents\school\kmint\final game\sdlframework\sdlframework\debug\sdlframework.tlog\link.write.1.tlog
